{"/home/amw/Documents/project-2/frontend-project-46/bin/index.js": {"path":"/home/amw/Documents/project-2/frontend-project-46/bin/index.js","all":false,"statementMap":{"0":{"start":{"line":1,"column":0},"end":{"line":1,"column":0}},"1":{"start":{"line":2,"column":0},"end":{"line":2,"column":20}},"2":{"start":{"line":3,"column":0},"end":{"line":3,"column":24}},"3":{"start":{"line":4,"column":0},"end":{"line":4,"column":30}},"4":{"start":{"line":5,"column":0},"end":{"line":5,"column":40}},"5":{"start":{"line":6,"column":0},"end":{"line":6,"column":0}},"6":{"start":{"line":7,"column":0},"end":{"line":7,"column":76}},"7":{"start":{"line":8,"column":0},"end":{"line":8,"column":49}},"8":{"start":{"line":9,"column":0},"end":{"line":9,"column":37}},"9":{"start":{"line":10,"column":0},"end":{"line":10,"column":54}},"10":{"start":{"line":11,"column":0},"end":{"line":11,"column":49}},"11":{"start":{"line":12,"column":0},"end":{"line":12,"column":18}},"12":{"start":{"line":13,"column":0},"end":{"line":13,"column":2}},"13":{"start":{"line":14,"column":0},"end":{"line":14,"column":0}},"14":{"start":{"line":15,"column":0},"end":{"line":15,"column":55}},"15":{"start":{"line":16,"column":0},"end":{"line":16,"column":53}},"16":{"start":{"line":17,"column":0},"end":{"line":17,"column":53}},"17":{"start":{"line":18,"column":0},"end":{"line":18,"column":35}},"18":{"start":{"line":19,"column":0},"end":{"line":19,"column":35}},"19":{"start":{"line":20,"column":0},"end":{"line":20,"column":48}},"20":{"start":{"line":21,"column":0},"end":{"line":21,"column":48}},"21":{"start":{"line":22,"column":0},"end":{"line":22,"column":51}},"22":{"start":{"line":23,"column":0},"end":{"line":23,"column":32}},"23":{"start":{"line":24,"column":0},"end":{"line":24,"column":49}},"24":{"start":{"line":25,"column":0},"end":{"line":25,"column":5}},"25":{"start":{"line":26,"column":0},"end":{"line":26,"column":32}},"26":{"start":{"line":27,"column":0},"end":{"line":27,"column":49}},"27":{"start":{"line":28,"column":0},"end":{"line":28,"column":5}},"28":{"start":{"line":29,"column":0},"end":{"line":29,"column":38}},"29":{"start":{"line":30,"column":0},"end":{"line":30,"column":49}},"30":{"start":{"line":31,"column":0},"end":{"line":31,"column":5}},"31":{"start":{"line":32,"column":0},"end":{"line":32,"column":38}},"32":{"start":{"line":33,"column":0},"end":{"line":33,"column":76}},"33":{"start":{"line":34,"column":0},"end":{"line":34,"column":5}},"34":{"start":{"line":35,"column":0},"end":{"line":35,"column":15}},"35":{"start":{"line":36,"column":0},"end":{"line":36,"column":18}},"36":{"start":{"line":37,"column":0},"end":{"line":37,"column":16}},"37":{"start":{"line":38,"column":0},"end":{"line":38,"column":1}}},"s":{"0":1,"1":1,"2":1,"3":1,"4":1,"5":1,"6":1,"7":1,"8":2,"9":2,"10":2,"11":2,"12":2,"13":1,"14":1,"15":1,"16":1,"17":1,"18":1,"19":1,"20":1,"21":1,"22":5,"23":2,"24":2,"25":5,"26":1,"27":1,"28":5,"29":1,"30":1,"31":1,"32":1,"33":1,"34":0,"35":1,"36":1,"37":1},"branchMap":{"0":{"type":"branch","line":7,"loc":{"start":{"line":7,"column":17},"end":{"line":7,"column":75}},"locations":[{"start":{"line":7,"column":17},"end":{"line":7,"column":75}}]},"1":{"type":"branch","line":8,"loc":{"start":{"line":8,"column":35},"end":{"line":13,"column":2}},"locations":[{"start":{"line":8,"column":35},"end":{"line":13,"column":2}}]},"2":{"type":"branch","line":15,"loc":{"start":{"line":15,"column":15},"end":{"line":38,"column":1}},"locations":[{"start":{"line":15,"column":15},"end":{"line":38,"column":1}}]},"3":{"type":"branch","line":22,"loc":{"start":{"line":22,"column":35},"end":{"line":36,"column":3}},"locations":[{"start":{"line":22,"column":35},"end":{"line":36,"column":3}}]},"4":{"type":"branch","line":23,"loc":{"start":{"line":23,"column":31},"end":{"line":25,"column":5}},"locations":[{"start":{"line":23,"column":31},"end":{"line":25,"column":5}}]},"5":{"type":"branch","line":25,"loc":{"start":{"line":25,"column":4},"end":{"line":26,"column":31}},"locations":[{"start":{"line":25,"column":4},"end":{"line":26,"column":31}}]},"6":{"type":"branch","line":26,"loc":{"start":{"line":26,"column":31},"end":{"line":28,"column":5}},"locations":[{"start":{"line":26,"column":31},"end":{"line":28,"column":5}}]},"7":{"type":"branch","line":28,"loc":{"start":{"line":28,"column":4},"end":{"line":29,"column":37}},"locations":[{"start":{"line":28,"column":4},"end":{"line":29,"column":37}}]},"8":{"type":"branch","line":29,"loc":{"start":{"line":29,"column":37},"end":{"line":34,"column":5}},"locations":[{"start":{"line":29,"column":37},"end":{"line":34,"column":5}}]},"9":{"type":"branch","line":34,"loc":{"start":{"line":34,"column":4},"end":{"line":36,"column":3}},"locations":[{"start":{"line":34,"column":4},"end":{"line":36,"column":3}}]}},"b":{"0":[2],"1":[2],"2":[1],"3":[5],"4":[2],"5":[3],"6":[1],"7":[2],"8":[1],"9":[0]},"fnMap":{"0":{"name":"getPath","decl":{"start":{"line":7,"column":17},"end":{"line":7,"column":75}},"loc":{"start":{"line":7,"column":17},"end":{"line":7,"column":75}},"line":7},"1":{"name":"transformPathToFileObject","decl":{"start":{"line":8,"column":35},"end":{"line":13,"column":2}},"loc":{"start":{"line":8,"column":35},"end":{"line":13,"column":2}},"line":8},"2":{"name":"genDiff","decl":{"start":{"line":15,"column":15},"end":{"line":38,"column":1}},"loc":{"start":{"line":15,"column":15},"end":{"line":38,"column":1}},"line":15}},"f":{"0":2,"1":2,"2":1}}
,"/home/amw/Documents/project-2/frontend-project-46/bin/parser.js": {"path":"/home/amw/Documents/project-2/frontend-project-46/bin/parser.js","all":false,"statementMap":{"0":{"start":{"line":1,"column":0},"end":{"line":1,"column":29}},"1":{"start":{"line":2,"column":0},"end":{"line":2,"column":32}},"2":{"start":{"line":3,"column":0},"end":{"line":3,"column":0}},"3":{"start":{"line":4,"column":0},"end":{"line":4,"column":43}},"4":{"start":{"line":5,"column":0},"end":{"line":5,"column":40}},"5":{"start":{"line":6,"column":0},"end":{"line":6,"column":48}},"6":{"start":{"line":7,"column":0},"end":{"line":7,"column":27}},"7":{"start":{"line":8,"column":0},"end":{"line":8,"column":3}},"8":{"start":{"line":9,"column":0},"end":{"line":9,"column":26}},"9":{"start":{"line":10,"column":0},"end":{"line":10,"column":2}},"10":{"start":{"line":11,"column":0},"end":{"line":11,"column":0}},"11":{"start":{"line":12,"column":0},"end":{"line":12,"column":29}}},"s":{"0":1,"1":1,"2":1,"3":1,"4":2,"5":2,"6":0,"7":0,"8":2,"9":2,"10":1,"11":1},"branchMap":{"0":{"type":"branch","line":4,"loc":{"start":{"line":4,"column":22},"end":{"line":10,"column":2}},"locations":[{"start":{"line":4,"column":22},"end":{"line":10,"column":2}}]},"1":{"type":"branch","line":6,"loc":{"start":{"line":6,"column":47},"end":{"line":8,"column":3}},"locations":[{"start":{"line":6,"column":47},"end":{"line":8,"column":3}}]}},"b":{"0":[2],"1":[0]},"fnMap":{"0":{"name":"getParsedFile","decl":{"start":{"line":4,"column":22},"end":{"line":10,"column":2}},"loc":{"start":{"line":4,"column":22},"end":{"line":10,"column":2}},"line":4}},"f":{"0":2}}
}
