TN:
SF:bin/index.js
FN:7,getPath
FN:8,transformPathToFileObject
FN:15,genDiff
FNF:3
FNH:3
FNDA:2,getPath
FNDA:2,transformPathToFileObject
FNDA:1,genDiff
DA:1,1
DA:2,1
DA:3,1
DA:4,1
DA:5,1
DA:6,1
DA:7,1
DA:8,1
DA:9,2
DA:10,2
DA:11,2
DA:12,2
DA:13,2
DA:14,1
DA:15,1
DA:16,1
DA:17,1
DA:18,1
DA:19,1
DA:20,1
DA:21,1
DA:22,1
DA:23,5
DA:24,2
DA:25,2
DA:26,5
DA:27,1
DA:28,1
DA:29,5
DA:30,1
DA:31,1
DA:32,1
DA:33,1
DA:34,1
DA:35,0
DA:36,1
DA:37,1
DA:38,1
LF:38
LH:37
BRDA:7,0,0,2
BRDA:8,1,0,2
BRDA:15,2,0,1
BRDA:22,3,0,5
BRDA:23,4,0,2
BRDA:25,5,0,3
BRDA:26,6,0,1
BRDA:28,7,0,2
BRDA:29,8,0,1
BRDA:34,9,0,0
BRF:10
BRH:9
end_of_record
TN:
SF:bin/parser.js
FN:4,getParsedFile
FNF:1
FNH:1
FNDA:2,getParsedFile
DA:1,1
DA:2,1
DA:3,1
DA:4,1
DA:5,2
DA:6,2
DA:7,0
DA:8,0
DA:9,2
DA:10,2
DA:11,1
DA:12,1
LF:12
LH:10
BRDA:4,0,0,2
BRDA:6,1,0,0
BRF:2
BRH:1
end_of_record
